{"C:\\Users\\UT1\\Desktop\\provaesame\\area.js": {"path":"C:\\Users\\UT1\\Desktop\\provaesame\\area.js","statementMap":{"0":{"start":{"line":5,"column":4},"end":{"line":13,"column":5}},"1":{"start":{"line":7,"column":8},"end":{"line":7,"column":33}},"2":{"start":{"line":12,"column":8},"end":{"line":12,"column":18}},"3":{"start":{"line":17,"column":0},"end":{"line":17,"column":25}}},"fnMap":{"0":{"name":"getArea","decl":{"start":{"line":1,"column":9},"end":{"line":1,"column":16}},"loc":{"start":{"line":1,"column":22},"end":{"line":15,"column":1}},"line":1}},"branchMap":{"0":{"loc":{"start":{"line":5,"column":4},"end":{"line":13,"column":5}},"type":"if","locations":[{"start":{"line":5,"column":4},"end":{"line":13,"column":5}},{"start":{"line":5,"column":4},"end":{"line":13,"column":5}}],"line":5},"1":{"loc":{"start":{"line":5,"column":7},"end":{"line":6,"column":49}},"type":"binary-expr","locations":[{"start":{"line":5,"column":8},"end":{"line":5,"column":32}},{"start":{"line":5,"column":36},"end":{"line":5,"column":47}},{"start":{"line":6,"column":9},"end":{"line":6,"column":33}},{"start":{"line":6,"column":37},"end":{"line":6,"column":48}}],"line":5}},"s":{"0":2,"1":1,"2":1,"3":1},"f":{"0":2},"b":{"0":[1,1],"1":[2,2,1,1]},"_coverageSchema":"332fd63041d2c1bcb487cc26dd0d5f7d97098a6c","hash":"649462960e84c724731044477ff2deed7967e900"}
}
